<?xml version="1.0" encoding="UTF-8"?>
<testng-results skipped="0" failed="0" ignored="0" total="2" passed="2">
  <reporter-output>
  </reporter-output>
  <suite name="Default suite" duration-ms="14628" started-at="2018-08-28T11:53:19Z" finished-at="2018-08-28T11:53:34Z">
    <groups>
    </groups>
    <test name="Default test" duration-ms="14628" started-at="2018-08-28T11:53:19Z" finished-at="2018-08-28T11:53:34Z">
      <class name="com.tests.LoginTest">
        <test-method status="PASS" signature="setUp()[pri:0, instance:com.tests.LoginTest@68c4039c]" name="setUp" is-config="true" duration-ms="7792" started-at="2018-08-28T11:53:19Z" finished-at="2018-08-28T11:53:27Z">
          <reporter-output>
          </reporter-output>
        </test-method> <!-- setUp -->
        <test-method status="PASS" signature="freeCRMTitleTest()[pri:1, instance:com.tests.LoginTest@68c4039c]" name="freeCRMTitleTest" duration-ms="22" started-at="2018-08-28T11:53:27Z" finished-at="2018-08-28T11:53:27Z">
          <reporter-output>
          </reporter-output>
        </test-method> <!-- freeCRMTitleTest -->
        <test-method status="PASS" signature="tearDown()[pri:0, instance:com.tests.LoginTest@68c4039c]" name="tearDown" is-config="true" duration-ms="88" started-at="2018-08-28T11:53:27Z" finished-at="2018-08-28T11:53:27Z">
          <reporter-output>
          </reporter-output>
        </test-method> <!-- tearDown -->
        <test-method status="PASS" signature="setUp()[pri:0, instance:com.tests.LoginTest@68c4039c]" name="setUp" is-config="true" duration-ms="6574" started-at="2018-08-28T11:53:27Z" finished-at="2018-08-28T11:53:34Z">
          <reporter-output>
          </reporter-output>
        </test-method> <!-- setUp -->
        <test-method status="PASS" signature="freeCRMLogoTest()[pri:2, instance:com.tests.LoginTest@68c4039c]" name="freeCRMLogoTest" duration-ms="42" started-at="2018-08-28T11:53:34Z" finished-at="2018-08-28T11:53:34Z">
          <reporter-output>
          </reporter-output>
        </test-method> <!-- freeCRMLogoTest -->
        <test-method status="PASS" signature="tearDown()[pri:0, instance:com.tests.LoginTest@68c4039c]" name="tearDown" is-config="true" duration-ms="86" started-at="2018-08-28T11:53:34Z" finished-at="2018-08-28T11:53:34Z">
          <reporter-output>
          </reporter-output>
        </test-method> <!-- tearDown -->
      </class> <!-- com.tests.LoginTest -->
    </test> <!-- Default test -->
  </suite> <!-- Default suite -->
</testng-results>
